<?xml version="1.0" encoding="UTF-8"?>
<testsuite name="rspec" tests="28" skipped="0" failures="0" errors="0" time="5.128939" timestamp="2020-01-25T12:19:23-03:00" hostname="cassiointw">
<properties>
<property name="seed" value="51514"/>
</properties>
<testcase classname="spec.delete_spec" name="delete when a registered user is expected to eql &quot;204&quot;" file="./spec/delete_spec.rb" time="1.354599"></testcase>
<testcase classname="spec.delete_spec" name="delete when user not exist is expected to eql &quot;404&quot;" file="./spec/delete_spec.rb" time="0.234583"></testcase>
<testcase classname="spec.delete_spec" name="delete when wrong id is expected to eql &quot;412&quot;" file="./spec/delete_spec.rb" time="0.228487"></testcase>
<testcase classname="spec.get_spec" name="get when a registered user is expected to eql &quot;200&quot;" file="./spec/get_spec.rb" time="0.219002"></testcase>
<testcase classname="spec.get_spec" name="get when a registered user is expected to eql &quot;Rey&quot;" file="./spec/get_spec.rb" time="0.229700"></testcase>
<testcase classname="spec.get_spec" name="get when a registered user is expected to eql &quot;$2b$10$aebIxzSzmNCxg2MhfaGWmOv5aRIVsJuD9IEeBjSu34l8XoPK5KSDC&quot;" file="./spec/get_spec.rb" time="0.236622"></testcase>
<testcase classname="spec.get_spec" name="get when a registered user is expected to eql &quot;chewbacca@hotmail.com&quot;" file="./spec/get_spec.rb" time="0.223252"></testcase>
<testcase classname="spec.get_spec" name="get when a registered user is expected to eql 25, 19, 15, 25, 1, 2020, 6, 25, false, and nil" file="./spec/get_spec.rb" time="0.217470"></testcase>
<testcase classname="spec.get_spec" name="get when a registered user is expected to eql 26, 19, 15, 25, 1, 2020, 6, 25, false, and nil" file="./spec/get_spec.rb" time="0.223845"></testcase>
<testcase classname="spec.get_spec" name="get when user id not found is expected to eql &quot;404&quot;" file="./spec/get_spec.rb" time="0.227528"></testcase>
<testcase classname="spec.get_spec" name="get when wrong id is expected to eql &quot;412&quot;" file="./spec/get_spec.rb" time="0.222943"></testcase>
<testcase classname="spec.get_spec" name="get when other id is expected to eql &quot;401&quot;" file="./spec/get_spec.rb" time="0.324852"></testcase>
<testcase classname="spec.post_spec" name="post when new user is expected to eql &quot;200&quot;" file="./spec/post_spec.rb" time="0.112809"></testcase>
<testcase classname="spec.post_spec" name="post when wrong email is expected to eql &quot;412&quot;" file="./spec/post_spec.rb" time="0.011890"></testcase>
<testcase classname="spec.post_spec" name="post when wrong email is expected to eql &quot;Oops. You entered a wrong email.&quot;" file="./spec/post_spec.rb" time="0.011355"></testcase>
<testcase classname="spec.post_spec" name="post when empty name is expected to eql &quot;412&quot;" file="./spec/post_spec.rb" time="0.018389"></testcase>
<testcase classname="spec.post_spec" name="post when empty name is expected to eql &quot;Validation notEmpty on full_name failed&quot;" file="./spec/post_spec.rb" time="0.013172"></testcase>
<testcase classname="spec.post_spec" name="post when empty email is expected to eql &quot;412&quot;" file="./spec/post_spec.rb" time="0.021812"></testcase>
<testcase classname="spec.post_spec" name="post when empty email is expected to eql &quot;Validation notEmpty on email failed&quot;" file="./spec/post_spec.rb" time="0.023825"></testcase>
<testcase classname="spec.post_spec" name="post when empty password is expected to eql &quot;412&quot;" file="./spec/post_spec.rb" time="0.019131"></testcase>
<testcase classname="spec.post_spec" name="post when empty password is expected to eql &quot;Validation notEmpty on password failed&quot;" file="./spec/post_spec.rb" time="0.016835"></testcase>
<testcase classname="spec.post_spec" name="post when duplicate email is expected to eql &quot;409&quot;" file="./spec/post_spec.rb" time="0.217566"></testcase>
<testcase classname="spec.post_spec" name="post when duplicate email is expected to eql &quot;Oops. Looks like you already have an account with this email address.&quot;" file="./spec/post_spec.rb" time="0.242158"></testcase>
<testcase classname="spec.post_spec" name="post when null email is expected to eql &quot;412&quot;" file="./spec/post_spec.rb" time="0.011542"></testcase>
<testcase classname="spec.post_spec" name="post when null email is expected to eql &quot;Users.email cannot be null&quot;" file="./spec/post_spec.rb" time="0.011661"></testcase>
<testcase classname="spec.put_spec" name="put when a registered user is expected to eql &quot;200&quot;" file="./spec/put_spec.rb" time="0.000281"></testcase>
<testcase classname="spec.put_spec" name="put when a registered user is expected to eql &quot;Papito Skywalker&quot;" file="./spec/put_spec.rb" time="0.000486"></testcase>
<testcase classname="spec.put_spec" name="put when a registered user is expected to eql &quot;papito@jedi.com&quot;" file="./spec/put_spec.rb" time="0.000290"></testcase>
</testsuite>
